aardonyx celestae South Africa herbivorous sauropod 1 1 2 Araucaria araucana 52
abelisaurus comahuensis Argentina carnivorous large theropod 2 1 3 alvarezsaurus 93
achillobator giganteus Mongolia carnivorous large theropod 4 1 5 anserimimus 72
acrocanthosaurus atokensis USA carnivorous large theropod 0 1 1 achelousaurus 61
afrovenator abakensis Niger carnivorous large theropod 1 1 2 ouranosaurus 83
albertosaurus libratus Canada carnivorous large theropod 0 1 1 anchiceratops 88
alectrosaurus olseni Mongolia carnivorous large theropod 0 1 1 anserimimus 24
alioramus remotus Mongolia carnivorous large theropod 0 1 1 achillobator 3
allosaurus fragilis USA carnivorous large theropod 0 1 1 achelousaurus 22
alvarezsaurus calvoi Argentina carnivorous small theropod 8 1 9 buitreraptor 53
anserimimus planinychus Mongolia carnivorous  4 1 5 avimimus 21
apatosaurus ajax USA herbivorous sauropod 0 1 1 Araucaria mirabilis 76
archaeopteryx lithographica Germany carnivorous small theropod 4 1 5 Aipichthys 49
archaeornithomimus asiaticus Uzbekistan carnivorous small theropod 0 1 1 urbacodon 91
argentinosaurus huinculensis Argentina herbivorous sauropod 0 1 1 Metasequoia glyptostroboides 59
aucasaurus garridoi Argentina carnivorous large theropod 0 1 1 alvarezsaurus 60
avimimus portentosus Mongolia omnivorous small theropod 12 1 13 bagaceratops 62
bambiraptor feinbergorum  carnivorous small theropod 5 1 6 podokesaurus 62
barosaurus lentus USA herbivorous sauropod 0 1 1 Araucaria mirabilis 55
baryonyx walkeri United Kingdom carnivorous  0 1 1 becklespinax 64
becklespinax altispinax  carnivorous large theropod 5 1 6 hypsilophodon 3
beipiaosaurus inexpectus China omnivorous small theropod 0 1 1 agilisaurus 51
borogovia gracilicrus  carnivorous small theropod 0 1 1 bagaceratops 21
brachiosaurus altithorax USA herbivorous sauropod 0 1 1 Araucaria mirabilis 73
buitreraptor gonzalezorum Argentina carnivorous  1 1 2 eoraptor 4
carnotaurus sastrei Argentina carnivorous large theropod 0 1 1 alvarezsaurus 9
caudipteryx zoui China omnivorous small theropod 0 1 1 confuciusornis 90
ceratosaurus nasicornis USA carnivorous  0 1 1 ammosaurus 84
chindesaurus bryansmalli USA carnivorous small theropod 0 1 1 anchisaurus 8
citipati osmolskae Mongolia omnivorous small theropod 0 1 1 avimimus 36
coelophysis gonzalezorum  carnivorous small theropod 1 1 2 heterodontosaurus 50
coelurus fragilis  carnivorous small theropod 0 1 1 bambiraptor 4
coloradisaurus brevis  omnivorous sauropod 0 1 1 alvarezsaurus 2
compsognathus longipes  carnivorous small theropod 0 1 1 archaeopteryx 6
conchoraptor gracilis Mongolia carnivorous small theropod 0 1 1 bagaceratops 54
confuciusornis sanctus China carnivorous small theropod 4 1 5 jinzhousaurus 4
daspletosaurus torosus Canada carnivorous large theropod 0 1 1 anchiceratops 18
deinocheirus mirificus Mongolia omnivorous large theropod 0 1 1 achillobator 44
deinonychus antirrhopus USA carnivorous small theropod 0 1 1 anchisaurus 34
deltadromeus agilis  carnivorous  1 1 2 lapparentosaurus 74
dilophosaurus gonzalezorum USA carnivorous large theropod 0 1 1 ammosaurus 14
dromaeosaurus albertensis  carnivorous small theropod 0 1 1 bambiraptor 48
dromiceiomimus brevitertius  omnivorous large theropod 0 1 1 chirostenotes 15
dryptosaurus aquilunguis USA carnivorous large theropod 0 1 1 achelousaurus 78
dubreuillosaurus valesdunensis  carnivorous large theropod 2 1 3 Quercus robur 87
elaphrosaurus bambergi  carnivorous large theropod 0 1 1 kentrosaurus 80
eoraptor lunensis Argentina carnivorous small theropod 1 1 2 gasparinisaura 24
eotyrannus lengi United Kingdom carnivorous large theropod 0 1 1 hypsilophodon 26
erlikosaurus andrewsi Mongolia omnivorous small theropod 0 1 1 avimimus 41
eustreptospondylus oxoniensis  carnivorous large theropod 0 1 1 becklespinax 65
fukuiraptor kitadaniensis Japan carnivorous large theropod 0 1 1 fukuisaurus 89
gallimimus bullatus Mongolia omnivorous large theropod 0 1 1 achillobator 9
garudimimus brevipes Mongolia omnivorous large theropod 0 1 1 anserimimus 24
gasosaurus constructus China carnivorous small theropod 0 1 1 agilisaurus 8
gasparinisaura cincosaltensis  herbivorous euornithopod 2 1 3 Metasequoia glyptostroboides 88
giganotosaurus carolinii Argentina carnivorous large theropod 0 1 1 abelisaurus 11
gorgosaurus libratus  carnivorous large theropod 0 1 1 achelousaurus 35
guanlong wucaii  carnivorous small theropod 0 1 1 agilisaurus 7
hagryphus giganteus USA omnivorous  0 1 1 anchisaurus 72
harpymimus okladnikovi Mongolia omnivorous small theropod 0 1 1 avimimus 34
herrerasaurus ischigualastensis Argentina carnivorous small theropod 0 1 1 alvarezsaurus 33
heterodontosaurus tucki South Africa herbivorous euornithopod 1 1 2 Equisetum arvense 23
heyuannia yanshini  omnivorous small theropod 0 1 1 avimimus 62
indosuchus raptorius  carnivorous large theropod 0 1 1 isisaurus 35
irritator challengeri  carnivorous  0 1 1 guaibasaurus 65
juravenator starki Germany carnivorous small theropod 0 1 1 archaeopteryx 90
khaan mckennai  omnivorous small theropod 0 1 1 avimimus 27
liliensternus liliensterni  carnivorous small theropod 0 1 1 archaeopteryx 52
lophostropheus airelensis France carnivorous large theropod 0 1 1 dubreuillosaurus 4
majungasaurus atopus Madagascar carnivorous  0 1 1 lapparentosaurus 36
mapusaurus roseae  carnivorous large theropod 0 1 1 abelisaurus 71
marshosaurus bicentesimus USA carnivorous large theropod 0 1 1 ammosaurus 59
massospondylus carinatus South Africa omnivorous sauropod 0 1 1 coelophysis 28
megalosaurus bucklandii United Kingdom carnivorous large theropod 0 1 1 becklespinax 42
melanorosaurus readi  omnivorous sauropod 0 1 1 aardonyx 45
metriacanthosaurus parkeri United Kingdom carnivorous  0 1 1 becklespinax 62
microraptor zhaoianus China carnivorous small theropod 0 1 1 confuciusornis 28
monolophosaurus jiangi China carnivorous large theropod 0 1 1 agilisaurus 44
nanshiungosaurus brevispinus China omnivorous large theropod 0 1 1 agilisaurus 75
neovenator salerii United Kingdom carnivorous  0 1 1 becklespinax 62
neuquenosaurus australis  herbivorous sauropod 0 1 1 Metasequoia glyptostroboides 97
noasaurus leali Argentina carnivorous small theropod 0 1 1 gasparinisaura 62
nomingia gobiensis  omnivorous small theropod 0 1 1 avimimus 3
nothronychus mckinleyi USA omnivorous large theropod 0 1 1 ammosaurus 70
ornitholestes hermanni USA carnivorous small theropod 0 1 1 bambiraptor 62
ornithomimus velox USA omnivorous large theropod 0 1 1 anchisaurus 37
oviraptor philoceratops Mongolia omnivorous small theropod 0 1 1 avimimus 79
piatnitzkysaurus floresi Argentina carnivorous large theropod 0 1 1 alvarezsaurus 3
poekilopleuron bucklandii France carnivorous large theropod 0 1 1 dubreuillosaurus 2
proceratosaurus bradleyi United Kingdom carnivorous small theropod 0 1 1 hypsilophodon 87
procompsognathus triassicus Germany carnivorous small theropod 0 1 1 archaeopteryx 96
protarchaeopteryx robusta China carnivorous small theropod 0 1 1 agilisaurus 34
rinchenia mongoliensis Mongolia omnivorous small theropod 0 1 1 avimimus 32
riojasaurus incertus Argentina omnivorous sauropod 0 1 1 alvarezsaurus 68
saltopus elginensis  carnivorous small theropod 0 1 1 hypsilophodon 17
sarcosaurus woodi United Kingdom carnivorous small theropod 0 1 1 hypsilophodon 38
saurophaganax maximus USA carnivorous large theropod 0 1 1 achelousaurus 98
saurornithoides mongoliensis Mongolia carnivorous small theropod 0 1 1 avimimus 70
segisaurus halli USA carnivorous  0 1 1 bambiraptor 97
segnosaurus galbinensis Mongolia carnivorous  0 1 1 anserimimus 73
shuvuuia deserti Mongolia omnivorous small theropod 0 1 1 microceratus 34
sinocalliopteryx gigas China carnivorous small theropod 0 1 1 agilisaurus 59
sinornithosaurus millenii  carnivorous small theropod 0 1 1 agilisaurus 36
sinosauropteryx prima  carnivorous small theropod 0 1 1 confuciusornis 19
sinovenator changii China carnivorous small theropod 0 1 1 confuciusornis 90
sinraptor hepingensis China carnivorous large theropod 0 1 1 agilisaurus 67
spinosaurus aegyptiacus Madagascar carnivorous large theropod 0 1 1 deltadromeus 20
staurikosaurus pricei  carnivorous large theropod 0 1 1 guaibasaurus 96
struthiomimus altus  omnivorous  0 1 1 chirostenotes 40
suchomimus tenerensis Niger carnivorous large theropod 0 1 1 afrovenator 145
tarbosaurus bataar Mongolia carnivorous large theropod 0 1 1 achillobator 89
thecodontosaurus antiquus United Kingdom omnivorous sauropod 0 1 1 hypsilophodon 94
therizinosaurus cheloniformis  carnivorous large theropod 0 1 1 avimimus 42
torvosaurus tanneri USA carnivorous large theropod 0 1 1 achelousaurus 16
troodon formosus  carnivorous small theropod 0 1 1 bambiraptor 60
tyrannosaurus rex USA carnivorous  0 1 1 achelousaurus 69
unenlagia comahuensis  carnivorous  0 1 1 alvarezsaurus 32
utahraptor ostrommaysorum USA carnivorous large theropod 0 1 1 ammosaurus 99
velociraptor mongoliensis Mongolia carnivorous small theropod 0 1 1 avimimus 48
yangchuanosaurus shangyouensis China carnivorous large theropod 0 1 1 agilisaurus 20
yunnanosaurus huangi China omnivorous  0 1 1 agilisaurus 75
